[INFO] Scanning for projects...
[INFO] 
[INFO] --------------< com.finance.dashboard:FinancialDashboard >--------------
[INFO] Building Financial Dashboard 0.0.1-SNAPSHOT
[INFO]   from pom.xml
[INFO] --------------------------------[ jar ]---------------------------------
[INFO] 
[INFO] >>> spring-boot:4.0.5:run (default-cli) > test-compile @ FinancialDashboard >>>
[INFO] 
[INFO] --- resources:3.3.1:resources (default-resources) @ FinancialDashboard ---
[INFO] Copying 1 resource from src\main\resources to target\classes
[INFO] Copying 0 resource from src\main\resources to target\classes
[INFO] 
[INFO] --- compiler:3.14.1:compile (default-compile) @ FinancialDashboard ---
[INFO] Recompiling the module because of changed source code.
[INFO] Compiling 40 source files with javac [debug parameters release 17] to target\classes
[INFO] 
[INFO] --- resources:3.3.1:testResources (default-testResources) @ FinancialDashboard ---
[INFO] skip non existing resourceDirectory C:\Users\Kaushik\Desktop\hackathon\Financial Dashboard\src\test\resources
[INFO] 
[INFO] --- compiler:3.14.1:testCompile (default-testCompile) @ FinancialDashboard ---
[INFO] Recompiling the module because of changed dependency.
[INFO] Compiling 1 source file with javac [debug parameters release 17] to target\test-classes
[INFO] 
[INFO] <<< spring-boot:4.0.5:run (default-cli) < test-compile @ FinancialDashboard <<<
[INFO] 
[INFO] 
[INFO] --- spring-boot:4.0.5:run (default-cli) @ FinancialDashboard ---
[INFO] Attaching agents: []

  .   ____          _            __ _ _
 /\\ / ___'_ __ _ _(_)_ __  __ _ \ \ \ \
( ( )\___ | '_ | '_| | '_ \/ _` | \ \ \ \
 \\/  ___)| |_)| | | | | || (_| |  ) ) ) )
  '  |____| .__|_| |_|_| |_\__, | / / / /
 =========|_|==============|___/=/_/_/_/

 :: Spring Boot ::                (v4.0.5)

2026-04-02T03:09:20.444+05:30  INFO 21004 --- [Financial Dashboard] [  restartedMain] c.f.d.FinancialDashboardApplication      : Starting FinancialDashboardApplication using Java 17.0.12 with PID 21004 (C:\Users\Kaushik\Desktop\hackathon\Financial Dashboard\target\classes started by Kaushik in C:\Users\Kaushik\Desktop\hackathon\Financial Dashboard)
2026-04-02T03:09:20.445+05:30  INFO 21004 --- [Financial Dashboard] [  restartedMain] c.f.d.FinancialDashboardApplication      : No active profile set, falling back to 1 default profile: "default"
2026-04-02T03:09:20.488+05:30  INFO 21004 --- [Financial Dashboard] [  restartedMain] .e.DevToolsPropertyDefaultsPostProcessor : Devtools property defaults active! Set 'spring.devtools.add-properties' to 'false' to disable
2026-04-02T03:09:20.488+05:30  INFO 21004 --- [Financial Dashboard] [  restartedMain] .e.DevToolsPropertyDefaultsPostProcessor : For additional web related logging consider setting the 'logging.level.web' property to 'DEBUG'
2026-04-02T03:09:21.260+05:30  INFO 21004 --- [Financial Dashboard] [  restartedMain] .s.d.r.c.RepositoryConfigurationDelegate : Bootstrapping Spring Data JPA repositories in DEFAULT mode.
2026-04-02T03:09:21.308+05:30  INFO 21004 --- [Financial Dashboard] [  restartedMain] .s.d.r.c.RepositoryConfigurationDelegate : Finished Spring Data repository scanning in 40 ms. Found 2 JPA repository interfaces.
2026-04-02T03:09:21.881+05:30  INFO 21004 --- [Financial Dashboard] [  restartedMain] o.s.boot.tomcat.TomcatWebServer          : Tomcat initialized with port 8080 (http)
2026-04-02T03:09:21.893+05:30  INFO 21004 --- [Financial Dashboard] [  restartedMain] o.apache.catalina.core.StandardService   : Starting service [Tomcat]
2026-04-02T03:09:21.893+05:30  INFO 21004 --- [Financial Dashboard] [  restartedMain] o.apache.catalina.core.StandardEngine    : Starting Servlet engine: [Apache Tomcat/11.0.20]
2026-04-02T03:09:21.938+05:30  INFO 21004 --- [Financial Dashboard] [  restartedMain] b.w.c.s.WebApplicationContextInitializer : Root WebApplicationContext: initialization completed in 1450 ms
2026-04-02T03:09:22.082+05:30  INFO 21004 --- [Financial Dashboard] [  restartedMain] org.hibernate.orm.jpa                    : HHH008540: Processing PersistenceUnitInfo [name: default]
2026-04-02T03:09:22.146+05:30  INFO 21004 --- [Financial Dashboard] [  restartedMain] org.hibernate.orm.core                   : HHH000001: Hibernate ORM core version 7.2.7.Final
2026-04-02T03:09:22.543+05:30  INFO 21004 --- [Financial Dashboard] [  restartedMain] o.s.o.j.p.SpringPersistenceUnitInfo      : No LoadTimeWeaver setup: ignoring JPA class transformer
2026-04-02T03:09:22.574+05:30  INFO 21004 --- [Financial Dashboard] [  restartedMain] com.zaxxer.hikari.HikariDataSource       : HikariPool-1 - Starting...
2026-04-02T03:09:22.864+05:30  INFO 21004 --- [Financial Dashboard] [  restartedMain] com.zaxxer.hikari.pool.HikariPool        : HikariPool-1 - Added connection com.mysql.cj.jdbc.ConnectionImpl@3420518c
2026-04-02T03:09:22.865+05:30  INFO 21004 --- [Financial Dashboard] [  restartedMain] com.zaxxer.hikari.HikariDataSource       : HikariPool-1 - Start completed.
2026-04-02T03:09:22.912+05:30  WARN 21004 --- [Financial Dashboard] [  restartedMain] org.hibernate.orm.deprecation            : HHH90000025: MySQLDialect does not need to be specified explicitly using 'hibernate.dialect' (remove the property setting and it will be selected by default)
2026-04-02T03:09:22.927+05:30  INFO 21004 --- [Financial Dashboard] [  restartedMain] org.hibernate.orm.connections.pooling    : HHH10001005: Database info:
	Database JDBC URL [jdbc:mysql://localhost:3306/finance_db]
	Database driver: MySQL Connector/J
	Database dialect: MySQLDialect
	Database version: 8.4.6
	Default catalog/schema: finance_db/undefined
	Autocommit mode: undefined/unknown
	Isolation level: REPEATABLE_READ [default REPEATABLE_READ]
	JDBC fetch size: none
	Pool: DataSourceConnectionProvider
	Minimum pool size: undefined/unknown
	Maximum pool size: undefined/unknown
2026-04-02T03:09:23.790+05:30  INFO 21004 --- [Financial Dashboard] [  restartedMain] org.hibernate.orm.core                   : HHH000489: No JTA platform available (set 'hibernate.transaction.jta.platform' to enable JTA platform integration)
2026-04-02T03:09:23.855+05:30  INFO 21004 --- [Financial Dashboard] [  restartedMain] j.LocalContainerEntityManagerFactoryBean : Initialized JPA EntityManagerFactory for persistence unit 'default'
2026-04-02T03:09:23.918+05:30  INFO 21004 --- [Financial Dashboard] [  restartedMain] o.s.d.j.r.query.QueryEnhancerFactories   : Hibernate is in classpath; If applicable, HQL parser will be used.
2026-04-02T03:09:24.164+05:30  INFO 21004 --- [Financial Dashboard] [  restartedMain] eAuthenticationProviderManagerConfigurer : Global AuthenticationManager configured with AuthenticationProvider bean with name authenticationProvider
2026-04-02T03:09:24.164+05:30  WARN 21004 --- [Financial Dashboard] [  restartedMain] r$InitializeUserDetailsManagerConfigurer : Global AuthenticationManager configured with an AuthenticationProvider bean. UserDetailsService beans will not be used by Spring Security for automatically configuring username/password login. Consider removing the AuthenticationProvider bean. Alternatively, consider using the UserDetailsService in a manually instantiated DaoAuthenticationProvider. If the current configuration is intentional, to turn off this warning, increase the logging level of 'org.springframework.security.config.annotation.authentication.configuration.InitializeUserDetailsBeanManagerConfigurer' to ERROR
2026-04-02T03:09:25.076+05:30  WARN 21004 --- [Financial Dashboard] [  restartedMain] JpaBaseConfiguration$JpaWebConfiguration : spring.jpa.open-in-view is enabled by default. Therefore, database queries may be performed during view rendering. Explicitly configure spring.jpa.open-in-view to disable this warning
2026-04-02T03:09:25.986+05:30  INFO 21004 --- [Financial Dashboard] [  restartedMain] o.s.boot.tomcat.TomcatWebServer          : Tomcat started on port 8080 (http) with context path '/'
2026-04-02T03:09:25.986+05:30  INFO 21004 --- [Financial Dashboard] [  restartedMain] c.f.d.FinancialDashboardApplication      : Started FinancialDashboardApplication in 5.911 seconds (process running for 6.382)
2026-04-02T03:09:34.634+05:30  INFO 21004 --- [Financial Dashboard] [nio-8080-exec-2] o.a.c.c.C.[Tomcat].[localhost].[/]       : Initializing Spring DispatcherServlet 'dispatcherServlet'
2026-04-02T03:09:34.634+05:30  INFO 21004 --- [Financial Dashboard] [nio-8080-exec-2] o.s.web.servlet.DispatcherServlet        : Initializing Servlet 'dispatcherServlet'
2026-04-02T03:09:34.634+05:30  INFO 21004 --- [Financial Dashboard] [nio-8080-exec-2] o.s.web.servlet.DispatcherServlet        : Completed initialization in 0 ms
2026-04-02T03:09:34.863+05:30  WARN 21004 --- [Financial Dashboard] [nio-8080-exec-2] .m.m.a.ExceptionHandlerExceptionResolver : Resolved [jakarta.servlet.ServletException: Handler dispatch failed: java.lang.NoSuchMethodError: 'void org.springframework.web.method.ControllerAdviceBean.<init>(java.lang.Object)']
2026-04-02T03:09:34.874+05:30  WARN 21004 --- [Financial Dashboard] [nio-8080-exec-1] .m.m.a.ExceptionHandlerExceptionResolver : Resolved [jakarta.servlet.ServletException: Handler dispatch failed: java.lang.NoSuchMethodError: 'void org.springframework.web.method.ControllerAdviceBean.<init>(java.lang.Object)']
